 -----------------------------------------------------------------------
  W            W            W              TTTTTTTTTTTTTTTTTTTT         
   W          W W          W                        TT                  
    W        W   W        W                         TT                  
     W      W     W      W                          TT                  
      W    W       W    W                           TT                  
       W  W         W  W                            TT                  
        WW           WW                             TT                  
        W             W                             TT                  
                                                                        
                        Welcome to WannierTools.                       
                             Version 2.5.1     
                   Tools for novel topological materials.               
                          Enjoy it and good luck.                       
                           Author : QuanSheng Wu                        
                        Email : wuquansheng@gmail.com                   
               Find more information on www.wanniertools.com            
 =======================================================================
                                                                        
 You are using    40 CPU cores
  
   
 >>>Read some paramters from wt.in
 You are using : TB     model
 Tight-binding Hamiltonian FROM: Hr File
 Is_Sparse_Hr=  F
 Tight-binding Hamiltonian filename: nbse2_hr.dat             
 System of particle: electron                 
 Tight-binding Hamiltonian obtained from : VASP                     
   
 >>>Control parameters: 
 BulkBand_line_calc                :  T
 BulkFatBand_calc                  :  F
 BulkBand_plane_calc               :  F
 BulkBand_cube_calc                :  F
 BulkBand_unfold_line_calc         :  F
 BulkBand_unfold_plane_calc        :  F
 BulkFS_calc                       :  F
 BulkFS_Plane_calc                 :  F
 BulkFS_plane_stack_calc           :  F
 BulkGap_cube_calc                 :  F
 BulkGap_plane_calc                :  F
 SlabBand_calc                     :  F
 SlabBandWaveFunc_calc             :  F
 SlabSS_calc                       :  F
 SlabArc_calc                      :  F
 SlabSpintexture_calc              :  F
 wanniercenter_calc                :  F
 BerryPhase_calc                   :  F
 BerryCurvature_calc               :  F
 BerryCurvature_Cube_calc          :  F
 BerryCurvature_slab_calc          :  F
 Dos_calc                          :  F
 Z2_3D_calc                        :  F
 WeylChirality_calc                :  F
 NLChirality_calc                  :  F
 Chern_3D_calc                     :  F
 MirrorChern_calc                  :  F
 JDos_calc                         :  F
 FindNodes_calc                    :  F
 EffectiveMass_calc                :  F
 AHC_calc                          :  F
 Boltz_OHE_calc                    :  F
 LOTO_correction                   :  F
 OrbitalTexture_calc               :  F
 OrbitalTexture_3D_calc            :  F
 LandauLevel_k_calc                :  F
 LandauLevel_B_calc                :  F
 LandauLevel_wavefunction_calc     :  F
 Fit_kp_calc                       :  F
 DMFT_MAG_calc                     :  F
 Translate_to_WS_calc              :  F
 LandauLevel_kplane_calc           :  F
 LandauLevel_k_dos_calc            :  F
 LandauLevel_B_dos_calc            :  F
 FermiLevel_calc                   :  F
   
 >>>System parameters: 
 NumSlabs :    10
 Nslab1 for ribbon  :     1
 Nslab2 for ribbon  :     1
 Number of Occupied bands:     1
 Number of total electrons:    2.000000
 With SOC or not in Hrfile:     0
 Fermi energy (eV) :       -1.615300
 surf_onsite (eV):         0.000000
 Add_Zeeman_Field:  F
 Zeeman_energy_in_eV (eV):         0.000000
 Electric_field_in_eVpA (eV/Angstrom):         0.000000
 Symmetrical_Electric_field_in_eVpA (eV/Angstrom):         0.000000
 Inner_symmetrical_Electric_Field:  F
 ijmax :    10
   
 **Notes**: There are two ways to specify magnetic field.
 1. specify Bmagnitude, Btheta, Bphi
 2. specify Bx, By, Bz
 Bmagnitude, Bx, By, Bz are real numbers in unit of Tesla. and Bx, By, Bz 
 are in the cartesian coordinates. Btheta is the angle with z axial 
  and Bphi is the angle with respect to x axial in the x-y plane
  Btheta is in [0, 180], Bphi is in [0, 360).
 If you specify both of them together, we will choose the first one.
 If choose the first one, but not specify Btheta, Bphi, then 
 by default we set Btheta=0, Bphi=0 which means B is along z direction.
  
  Warning: You didn't specify the magnitude of magnetic field.
  
 >>You did not specified the magnitude of magnetic field, 
  and also didn't set Bx, By, Bz. So we will set the magnetic direction
  from the settings of Btheta, Bphi.
  If you even didn't set Btheta, Bphi, we will take the default value, 
  Btheta=0, Bphi=0 which means B is along z direction
 >>You didn't set Btheta, and we set it to 0.
 >>You didn't set Bphi, and we set it to 0.
 Bmagnitude (in Tesla) :        1.000000
 Btheta, Bphi :        0.000000        0.000000
 Bx, By, Bz (in Tesla) :        0.000000        0.000000        1.000000
 B direction cosines :        0.000000        0.000000        1.000000
   
 >>>calculation parameters : 
 E_arc :          0.00000
 Eta_arc :          0.00100
 Gap_threshold         0.01000
 OmegaMin :         -1.00000
 OmegaMax :          1.00000
 OmegaNum :    100
 OmegaNum_unfold :    200
 Nk1 :   1001
 Nk2 :     10
 Nk3 :      1
 NP number of principle layers  :      2
 Tmin(Kelvin)  :        100.00000
 Tmax(Kelvin)  :        100.00000
 NumT  :      1
 NBTau  :      1
 Beta  :        100.00000
 Nslice_BTau_Max  :   5000
 BTauMax(Tesla.ps)         0.00000
 Rcut    999999.00000
 Magp               1
 Magp_min               0
 Magp_max               1
 wcc_calc_tol         0.08000
 wcc_neighbour_tol         0.30000
 NumLCZVecs   400
 NumSelectedEigenVals     0
 NumRandomConfs:     1
 Projection weight mode:NORMAL              
  
 We found LATTICE card
>> lattice information (Angstrom)
           a           b           c       alpha        beta       gamma
   10.468200   10.468200   23.367900   90.000000   90.000000  120.000000
 Three Lattice vectors of the unfolded cell: 
   10.468200    0.000000    0.000000
   -5.234100    9.065727    0.000000
    0.000000    0.000000   23.367900
>> Reciprocal lattice information (1/Angstrom)
           a           b           c       alpha        beta       gamma
    0.693070    0.693070    0.268881   90.000000   90.000000   60.000000
 Three reciprocal lattice vectors of the primitive cell: 
    0.600216    0.346535    0.000000
    0.000000    0.693070    0.000000
    0.000000    0.000000    0.268881
  
 We found ATOM_POSITIONS card
Origin_cell%Num_atoms   27
  
 Warning: You didn't specify the atom magnetic moment in the ATOMIC_POSITION car
 d Or the format is wrong. So we set all the Atom-magnetic-moments to zero.
 
>> Atom position and magnetic moment of Original lattice
                                         Catesian                  Fractional(Direct)         Magnetic moment
------------------------------------------------------------------------------------------------------------------
 index  Atom Name            x           y           z           a           b           c      Mx      My      Mz
------------------------------------------------------------------------------------------------------------------
     1  Se            0.000000    2.014608   13.367933    0.111111    0.222222    0.572064   0.000   0.000   0.000
     2  Nb            0.000000    0.000000   11.683967    0.000000    0.000000    0.500001   0.000   0.000   0.000
     3  Se            0.000000    2.014608   10.000000    0.111111    0.222222    0.427937   0.000   0.000   0.000
     4  Se           -1.744700    5.036517   13.367933    0.111111    0.555556    0.572064   0.000   0.000   0.000
     5  Nb           -1.744700    3.021909   11.683967   -0.000000    0.333333    0.500001   0.000   0.000   0.000
     6  Se           -1.744700    5.036517   10.000000    0.111111    0.555556    0.427937   0.000   0.000   0.000
     7  Se           -3.489400    8.058426   13.367933    0.111111    0.888889    0.572064   0.000   0.000   0.000
     8  Nb           -3.489400    6.043818   11.683967   -0.000000    0.666667    0.500001   0.000   0.000   0.000
     9  Se           -3.489400    8.058426   10.000000    0.111111    0.888889    0.427937   0.000   0.000   0.000
    10  Se            3.489400    2.014608   13.367933    0.444445    0.222222    0.572064   0.000   0.000   0.000
    11  Nb            3.489400    0.000000   11.683967    0.333333    0.000000    0.500001   0.000   0.000   0.000
    12  Se            3.489400    2.014608   10.000000    0.444445    0.222222    0.427937   0.000   0.000   0.000
    13  Se            1.744700    5.036517   13.367933    0.444445    0.555556    0.572064   0.000   0.000   0.000
    14  Nb            1.744700    3.021909   11.683967    0.333333    0.333333    0.500001   0.000   0.000   0.000
    15  Se            1.744700    5.036517   10.000000    0.444445    0.555556    0.427937   0.000   0.000   0.000
    16  Se            0.000000    8.058426   13.367933    0.444445    0.888889    0.572064   0.000   0.000   0.000
    17  Nb            0.000000    6.043818   11.683967    0.333333    0.666667    0.500001   0.000   0.000   0.000
    18  Se            0.000000    8.058426   10.000000    0.444445    0.888889    0.427937   0.000   0.000   0.000
    19  Se            6.978800    2.014608   13.367933    0.777778    0.222222    0.572064   0.000   0.000   0.000
    20  Nb            6.978800    0.000000   11.683967    0.666667    0.000000    0.500001   0.000   0.000   0.000
    21  Se            6.978800    2.014608   10.000000    0.777778    0.222222    0.427937   0.000   0.000   0.000
    22  Se            5.234100    5.036517   13.367933    0.777778    0.555556    0.572064   0.000   0.000   0.000
    23  Nb            5.234100    3.021909   11.683967    0.666667    0.333333    0.500001   0.000   0.000   0.000
    24  Se            5.234100    5.036517   10.000000    0.777778    0.555556    0.427937   0.000   0.000   0.000
    25  Se            3.489400    8.058426   13.367933    0.777778    0.888889    0.572064   0.000   0.000   0.000
    26  Nb            3.489400    6.043818   11.683967    0.666667    0.666667    0.500001   0.000   0.000   0.000
    27  Se            3.489400    8.058426   10.000000    0.777778    0.888889    0.427937   0.000   0.000   0.000
  
 We found PROJECTORS card
 >>Number of projectors per atoms:
     3     5     3     3     5     3     3     5     3     3
     5     3     3     5     3     3     5     3     3     5
     3     3     5     3     3     5     3
Se      px      py      pz      
Nb      dxy     dxz     dyz     dx2-y2  dz2     
Se      px      py      pz      
Se      px      py      pz      
Nb      dxy     dxz     dyz     dx2-y2  dz2     
Se      px      py      pz      
Se      px      py      pz      
Nb      dxy     dxz     dyz     dx2-y2  dz2     
Se      px      py      pz      
Se      px      py      pz      
Nb      dxy     dxz     dyz     dx2-y2  dz2     
Se      px      py      pz      
Se      px      py      pz      
Nb      dxy     dxz     dyz     dx2-y2  dz2     
Se      px      py      pz      
Se      px      py      pz      
Nb      dxy     dxz     dyz     dx2-y2  dz2     
Se      px      py      pz      
Se      px      py      pz      
Nb      dxy     dxz     dyz     dx2-y2  dz2     
Se      px      py      pz      
Se      px      py      pz      
Nb      dxy     dxz     dyz     dx2-y2  dz2     
Se      px      py      pz      
Se      px      py      pz      
Nb      dxy     dxz     dyz     dx2-y2  dz2     
Se      px      py      pz      
  
 >> Wannier centers by default, in unit of reciprocal lattice vector
 iwann        R1        R2        R3
     1  0.111111  0.222222  0.572064
     2  0.111111  0.222222  0.572064
     3  0.111111  0.222222  0.572064
     4  0.000000  0.000000  0.500001
     5  0.000000  0.000000  0.500001
     6  0.000000  0.000000  0.500001
     7  0.000000  0.000000  0.500001
     8  0.000000  0.000000  0.500001
     9  0.111111  0.222222  0.427937
    10  0.111111  0.222222  0.427937
    11  0.111111  0.222222  0.427937
    12  0.111111  0.555556  0.572064
    13  0.111111  0.555556  0.572064
    14  0.111111  0.555556  0.572064
    15 -0.000000  0.333333  0.500001
    16 -0.000000  0.333333  0.500001
    17 -0.000000  0.333333  0.500001
    18 -0.000000  0.333333  0.500001
    19 -0.000000  0.333333  0.500001
    20  0.111111  0.555556  0.427937
    21  0.111111  0.555556  0.427937
    22  0.111111  0.555556  0.427937
    23  0.111111  0.888889  0.572064
    24  0.111111  0.888889  0.572064
    25  0.111111  0.888889  0.572064
    26 -0.000000  0.666667  0.500001
    27 -0.000000  0.666667  0.500001
    28 -0.000000  0.666667  0.500001
    29 -0.000000  0.666667  0.500001
    30 -0.000000  0.666667  0.500001
    31  0.111111  0.888889  0.427937
    32  0.111111  0.888889  0.427937
    33  0.111111  0.888889  0.427937
    34  0.444445  0.222222  0.572064
    35  0.444445  0.222222  0.572064
    36  0.444445  0.222222  0.572064
    37  0.333333  0.000000  0.500001
    38  0.333333  0.000000  0.500001
    39  0.333333  0.000000  0.500001
    40  0.333333  0.000000  0.500001
    41  0.333333  0.000000  0.500001
    42  0.444445  0.222222  0.427937
    43  0.444445  0.222222  0.427937
    44  0.444445  0.222222  0.427937
    45  0.444445  0.555556  0.572064
    46  0.444445  0.555556  0.572064
    47  0.444445  0.555556  0.572064
    48  0.333333  0.333333  0.500001
    49  0.333333  0.333333  0.500001
    50  0.333333  0.333333  0.500001
    51  0.333333  0.333333  0.500001
    52  0.333333  0.333333  0.500001
    53  0.444445  0.555556  0.427937
    54  0.444445  0.555556  0.427937
    55  0.444445  0.555556  0.427937
    56  0.444445  0.888889  0.572064
    57  0.444445  0.888889  0.572064
    58  0.444445  0.888889  0.572064
    59  0.333333  0.666667  0.500001
    60  0.333333  0.666667  0.500001
    61  0.333333  0.666667  0.500001
    62  0.333333  0.666667  0.500001
    63  0.333333  0.666667  0.500001
    64  0.444445  0.888889  0.427937
    65  0.444445  0.888889  0.427937
    66  0.444445  0.888889  0.427937
    67  0.777778  0.222222  0.572064
    68  0.777778  0.222222  0.572064
    69  0.777778  0.222222  0.572064
    70  0.666667  0.000000  0.500001
    71  0.666667  0.000000  0.500001
    72  0.666667  0.000000  0.500001
    73  0.666667  0.000000  0.500001
    74  0.666667  0.000000  0.500001
    75  0.777778  0.222222  0.427937
    76  0.777778  0.222222  0.427937
    77  0.777778  0.222222  0.427937
    78  0.777778  0.555556  0.572064
    79  0.777778  0.555556  0.572064
    80  0.777778  0.555556  0.572064
    81  0.666667  0.333333  0.500001
    82  0.666667  0.333333  0.500001
    83  0.666667  0.333333  0.500001
    84  0.666667  0.333333  0.500001
    85  0.666667  0.333333  0.500001
    86  0.777778  0.555556  0.427937
    87  0.777778  0.555556  0.427937
    88  0.777778  0.555556  0.427937
    89  0.777778  0.888889  0.572064
    90  0.777778  0.888889  0.572064
    91  0.777778  0.888889  0.572064
    92  0.666667  0.666667  0.500001
    93  0.666667  0.666667  0.500001
    94  0.666667  0.666667  0.500001
    95  0.666667  0.666667  0.500001
    96  0.666667  0.666667  0.500001
    97  0.777778  0.888889  0.427937
    98  0.777778  0.888889  0.427937
    99  0.777778  0.888889  0.427937
 We didn't found LATTICE_UNFOLD card, so it is the same as the unit cell.
>> Folded lattice information (Angstrom)
           a           b           c       alpha        beta       gamma
   10.468200   10.468200   23.367900   90.000000   90.000000  120.000000
 Three Lattice vectors of unfolded cell: 
   10.468200    0.000000    0.000000
   -5.234100    9.065727    0.000000
    0.000000    0.000000   23.367900
>> Folded Reciprocal lattice information (1/Angstrom)
           a           b           c       alpha        beta       gamma
    0.693070    0.693070    0.268881   90.000000   90.000000   60.000000
 Three reciprocal lattice vectors of unfolded cell: 
    0.600216    0.346535    0.000000
    0.000000    0.693070    0.000000
    0.000000    0.000000    0.268881
 
>> The relation between the original lattice and the unfolded lattice
>> The cell volume ratio is:     1.000000
>> The lattice constant a ratio is:     1.000000
>> The lattice constant b ratio is:     1.000000
>> The lattice constant c ratio is:     1.000000
>> Origin_cell in unit of Folded_cell: R1      1.000000    0.000000    0.000000
>> Origin_cell in unit of Folded_cell: R2      0.000000    1.000000    0.000000
>> Origin_cell in unit of Folded_cell: R3      0.000000    0.000000    1.000000
 
 
>>> Atom position and magnetic moment of Unfolded lattice
                                         Catesian                  Fractional(Direct)         Magnetic moment
------------------------------------------------------------------------------------------------------------------
 index  Atom Name            x           y           z           a           b           c      Mx      My      Mz
------------------------------------------------------------------------------------------------------------------
     1  Se            0.000000    2.014608   13.367933    0.111111    0.222222    0.572064   0.000   0.000   0.000
     2  Nb            0.000000    0.000000   11.683967    0.000000    0.000000    0.500001   0.000   0.000   0.000
     3  Se            0.000000    2.014608   10.000000    0.111111    0.222222    0.427937   0.000   0.000   0.000
     4  Se           -1.744700    5.036517   13.367933    0.111111    0.555556    0.572064   0.000   0.000   0.000
     5  Nb           -1.744700    3.021909   11.683967   -0.000000    0.333333    0.500001   0.000   0.000   0.000
     6  Se           -1.744700    5.036517   10.000000    0.111111    0.555556    0.427937   0.000   0.000   0.000
     7  Se           -3.489400    8.058426   13.367933    0.111111    0.888889    0.572064   0.000   0.000   0.000
     8  Nb           -3.489400    6.043818   11.683967   -0.000000    0.666667    0.500001   0.000   0.000   0.000
     9  Se           -3.489400    8.058426   10.000000    0.111111    0.888889    0.427937   0.000   0.000   0.000
    10  Se            3.489400    2.014608   13.367933    0.444445    0.222222    0.572064   0.000   0.000   0.000
    11  Nb            3.489400    0.000000   11.683967    0.333333    0.000000    0.500001   0.000   0.000   0.000
    12  Se            3.489400    2.014608   10.000000    0.444445    0.222222    0.427937   0.000   0.000   0.000
    13  Se            1.744700    5.036517   13.367933    0.444445    0.555556    0.572064   0.000   0.000   0.000
    14  Nb            1.744700    3.021909   11.683967    0.333333    0.333333    0.500001   0.000   0.000   0.000
    15  Se            1.744700    5.036517   10.000000    0.444445    0.555556    0.427937   0.000   0.000   0.000
    16  Se            0.000000    8.058426   13.367933    0.444445    0.888889    0.572064   0.000   0.000   0.000
    17  Nb            0.000000    6.043818   11.683967    0.333333    0.666667    0.500001   0.000   0.000   0.000
    18  Se            0.000000    8.058426   10.000000    0.444445    0.888889    0.427937   0.000   0.000   0.000
    19  Se            6.978800    2.014608   13.367933    0.777778    0.222222    0.572064   0.000   0.000   0.000
    20  Nb            6.978800    0.000000   11.683967    0.666667    0.000000    0.500001   0.000   0.000   0.000
    21  Se            6.978800    2.014608   10.000000    0.777778    0.222222    0.427937   0.000   0.000   0.000
    22  Se            5.234100    5.036517   13.367933    0.777778    0.555556    0.572064   0.000   0.000   0.000
    23  Nb            5.234100    3.021909   11.683967    0.666667    0.333333    0.500001   0.000   0.000   0.000
    24  Se            5.234100    5.036517   10.000000    0.777778    0.555556    0.427937   0.000   0.000   0.000
    25  Se            3.489400    8.058426   13.367933    0.777778    0.888889    0.572064   0.000   0.000   0.000
    26  Nb            3.489400    6.043818   11.683967    0.666667    0.666667    0.500001   0.000   0.000   0.000
    27  Se            3.489400    8.058426   10.000000    0.777778    0.888889    0.427937   0.000   0.000   0.000
  
 We found SURFACE card
 
>> new vectors to define the surface (in unit of lattice vector)
 The 1st vector on surface     :    1.000000    0.000000    0.000000
 The 2nd vector on surface     :    0.000000    1.000000    0.000000
 The 3rd vector out of surface :    0.000000    0.000000    1.000000
  
 The rotated new unit cell in cartesian coordinates : 
   10.468200    0.000000    0.000000
   -5.234100    9.065727    0.000000
    0.000000    0.000000   23.367900
New cell's Volume is         2217.65679Ang^3
  
 Fractional coordinates of atoms in units of new lattice vectors : 
Se      0.111111    0.222222    0.572064
Nb      0.000000    0.000000    0.500001
Se      0.111111    0.222222    0.427937
Se      0.111111    0.555556    0.572064
Nb     -0.000000    0.333333    0.500001
Se      0.111111    0.555556    0.427937
Se      0.111111    0.888889    0.572064
Nb     -0.000000    0.666667    0.500001
Se      0.111111    0.888889    0.427937
Se      0.444445    0.222222    0.572064
Nb      0.333333    0.000000    0.500001
Se      0.444445    0.222222    0.427937
Se      0.444445    0.555556    0.572064
Nb      0.333333    0.333333    0.500001
Se      0.444445    0.555556    0.427937
Se      0.444445    0.888889    0.572064
Nb      0.333333    0.666667    0.500001
Se      0.444445    0.888889    0.427937
Se      0.777778    0.222222    0.572064
Nb      0.666667    0.000000    0.500001
Se      0.777778    0.222222    0.427937
Se      0.777778    0.555556    0.572064
Nb      0.666667    0.333333    0.500001
Se      0.777778    0.555556    0.427937
Se      0.777778    0.888889    0.572064
Nb      0.666667    0.666667    0.500001
Se      0.777778    0.888889    0.427937
  
 2D Primitive Cell_Volume:    94.9018433814000     
 Ra2, Rb2
   10.4682    0.0000
   -5.2341    9.0657
 Ka2, Kb2
    0.6002    0.3465
    0.0000    0.6931
>> lattice information of the magnetic supercell (Angstrom)
   10.468200    0.000000    0.000000
   -5.234100    9.065727    0.000000
    0.000000    0.000000  233.679000
>> Reciprocal lattice information of the magnetic supercell (1/Angstrom)
    0.600216    0.346535    0.000000
    0.000000    0.693070    0.000000
    0.000000    0.000000    0.026888
  
3D Primitive Origin_cell%CellVolume:    2217.65678595 in Angstrom^3
3D Magnetic supercell Volume:   22176.56785952 in Angstrom^3
Projected area of magnetic supercell normal to the first vector specifed in SURFACE card:    2118.47001963 in Angstrom^2
  
 We found KPATH_BULK card
Number of K lines :     3
 M      0.0000   1.5000   0.0000  G       0.0000   0.0000   0.0000
 G      0.0000   0.0000   0.0000  K       1.0000   1.0000   0.0000
 K      1.0000   1.0000   0.0000  M       0.0000   1.5000   0.0000
 >> Kpoints plane for 2D system--> arcs  
K2D_start: -0.5000 -0.5000
The first vector:   1.0000  0.0000
The second vector:   0.0000  1.0000
 >> Kpoints plane for 3D system--> gapshape  
k3D_start :   0.0000  0.0000  0.0000
The 1st vector:   1.0000  0.0000  0.0000
The 2nd vector:   0.0000  0.5000  0.0000
 >> Kpoints cube for 3D system--> gapshape3D  
k3D_start :  0.0000  0.0000  0.0000
The 1st vector:   1.0000  0.0000  0.0000
The 2nd vector:   0.0000  1.0000  0.0000
The 3rd vector:   0.0000  0.0000  1.0000
kCubeVolume:   0.0000
ReciprocalOrigin_cell%CellVolume:   0.1119
  
  
 >> Using default parameters for Kpoint_3D
>> k points  0.0000 0.0000 0.0000 in unit of reciprocal primitive cell
>> k points  0.0000 0.0000 0.0000 in Cartesian coordinates
  
 >> Using default parameters for effective mass calculation
 >> Effective mass calculation parameters  
>> The     1'th band
>> k step  0.0100 in unit of 1/Angstrom
>> k points  0.0000 0.0000 0.0000 in unit of reciprocal primitive cell
>> k points  0.0000 0.0000 0.0000 in unit of 1/Angstrom
  
 >> We use the default values for k3points_pointmode_direct=[0,0,0]
 >> and Nk3_point_mode = 1
  
 >> We use the default values for k3points_unfold_pointmode_direct=[0,0,0]
 >> and Nk3_unfold_point_mode = 1
  
 >> We use the default values for Single_KPOINT_3D_DIRECT=[0,0,0]
 >> Output all atoms weight for surface state spectrum
 > NtopAtoms           27
> TopAtoms 
     1     2     3     4     5     6     7     8     9    10
    11    12    13    14    15    16    17    18    19    20
    21    22    23    24    25    26    27
> NbottomAtoms         27
> BottomAtoms 
     1     2     3     4     5     6     7     8     9    10
    11    12    13    14    15    16    17    18    19    20
    21    22    23    24    25    26    27
 > NtopOrbitals           99
> TopOrbitals 
     1     2     3     4     5     6     7     8     9    10
    11    12    13    14    15    16    17    18    19    20
    21    22    23    24    25    26    27    28    29    30
    31    32    33    34    35    36    37    38    39    40
    41    42    43    44    45    46    47    48    49    50
    51    52    53    54    55    56    57    58    59    60
    61    62    63    64    65    66    67    68    69    70
    71    72    73    74    75    76    77    78    79    80
    81    82    83    84    85    86    87    88    89    90
    91    92    93    94    95    96    97    98    99
> NBottomOrbitals   99
> BottomOrbitals 
     1     2     3     4     5     6     7     8     9    10
    11    12    13    14    15    16    17    18    19    20
    21    22    23    24    25    26    27    28    29    30
    31    32    33    34    35    36    37    38    39    40
    41    42    43    44    45    46    47    48    49    50
    51    52    53    54    55    56    57    58    59    60
    61    62    63    64    65    66    67    68    69    70
    71    72    73    74    75    76    77    78    79    80
    81    82    83    84    85    86    87    88    89    90
    91    92    93    94    95    96    97    98    99
  
 >> We do not calculate chirality for nodal lines
  
 >> We do not calculate chirality for weyl points
  
>> There are    1 groups of SelectedAtoms
Group :   1
>> Number of atoms selected        27
>> Selected atoms are
    1  Se            2  Nb            3  Se            4  Se            5  Nb            6  Se            7  Se            8  Nb            9  Se           10  Se        
   11  Nb           12  Se           13  Se           14  Nb           15  Se           16  Se           17  Nb           18  Se           19  Se           20  Nb        
   21  Se           22  Se           23  Nb           24  Se           25  Se           26  Nb           27  Se        
  
>> There are   1 groups of SelectedOrbitals
 >> SelectedOrbitals
>> Number of orbitals selected (including spin degenarcy)        99
>> Orbitals are
       1       2       3       4       5       6       7       8       9      10      11      12
      13      14      15      16      17      18      19      20      21      22      23      24
      25      26      27      28      29      30      31      32      33      34      35      36
      37      38      39      40      41      42      43      44      45      46      47      48
      49      50      51      52      53      54      55      56      57      58      59      60
      61      62      63      64      65      66      67      68      69      70      71      72
      73      74      75      76      77      78      79      80      81      82      83      84
      85      86      87      88      89      90      91      92      93      94      95      96
      97      98      99
  
 >> SELECTED_OCCUPIED_BANDS
>> Number of Occupied bands selected          1
>> OccupiedBand indices are
     1
  
  
 >> SELECTEDBANDS
>> Number of bands selected         99
>> Band indices are
     1     2     3     4     5     6     7     8     9    10    11    12
    13    14    15    16    17    18    19    20    21    22    23    24
    25    26    27    28    29    30    31    32    33    34    35    36
    37    38    39    40    41    42    43    44    45    46    47    48
    49    50    51    52    53    54    55    56    57    58    59    60
    61    62    63    64    65    66    67    68    69    70    71    72
    73    74    75    76    77    78    79    80    81    82    83    84
    85    86    87    88    89    90    91    92    93    94    95    96
    97    98    99
  
 <<<Read wt.in file successfully
 
  File nbse2_hr.dat exist, We are using HmnR from wannier90
 >> Num_wann          99
 >> NRPTS         263
  >> Begin to read Hmn_R.data
  
 
  Note: This is not a 2D system, so we can't add electric field.
 
  << Read Hmn_R.data successfully
  
 >> Start of calculating bulk band
 Time cost for BulkBand is about            5.462 s
 << End of calculating bulk band
  
 Time cost for whole program is about           11.893 s
  
  
  =======================================================================
  Congratulations! you finished the calculation.
  I hope you could find something useful from this calculation.
  If so, I would like to ask you to cite our this paper:
  
  WannierTools : An open-source software package for novel topological materials
  QuanSheng Wu and ShengNan Zhang and Hai-Feng Song and Matthias Troyer and Alexey A. Soluyanov
  Computer Physics Communications 224, 405 (2018)
  https://doi.org/10.1016/j.cpc.2017.09.033
  
  For bugs, please report to wuquansheng@gmail.com                   
  or wanniertools@groups.google.com.                 
  More information could find on www.wanniertools.com            
  See you next time :)
  =======================================================================
