 -----------------------------------------------------------------------
  W            W            W              TTTTTTTTTTTTTTTTTTTT         
   W          W W          W                        TT                  
    W        W   W        W                         TT                  
     W      W     W      W                          TT                  
      W    W       W    W                           TT                  
       W  W         W  W                            TT                  
        WW           WW                             TT                  
        W             W                             TT                  
                                                                        
                        Welcome to WannierTools.                       
                             Version 2.5.1     
                   Tools for novel topological materials.               
                          Enjoy it and good luck.                       
                           Author : QuanSheng Wu                        
                        Email : wuquansheng@gmail.com                   
               Find more information on www.wanniertools.com            
 =======================================================================
                                                                        
 You are using     8 CPU cores
  
   
 >>>Read some paramters from wt.in
 You are using : TB     model
 Tight-binding Hamiltonian FROM: Hr File
 Is_Sparse_Hr=  F
 Tight-binding Hamiltonian filename: nbse2_hr.dat             
 System of particle: electron                 
 Tight-binding Hamiltonian obtained from : VASP                     
   
 >>>Control parameters: 
 BulkBand_line_calc                :  F
 BulkFatBand_calc                  :  F
 BulkBand_plane_calc               :  T
 BulkBand_cube_calc                :  F
 BulkBand_unfold_line_calc         :  F
 BulkBand_unfold_plane_calc        :  F
 BulkFS_calc                       :  F
 BulkFS_Plane_calc                 :  F
 BulkFS_plane_stack_calc           :  F
 BulkGap_cube_calc                 :  F
 BulkGap_plane_calc                :  F
 SlabBand_calc                     :  F
 SlabBandWaveFunc_calc             :  F
 SlabSS_calc                       :  F
 SlabArc_calc                      :  F
 SlabSpintexture_calc              :  F
 wanniercenter_calc                :  F
 BerryPhase_calc                   :  F
 BerryCurvature_calc               :  F
 BerryCurvature_Cube_calc          :  F
 BerryCurvature_slab_calc          :  F
 Dos_calc                          :  F
 Z2_3D_calc                        :  F
 WeylChirality_calc                :  F
 NLChirality_calc                  :  F
 Chern_3D_calc                     :  F
 MirrorChern_calc                  :  F
 JDos_calc                         :  F
 FindNodes_calc                    :  F
 EffectiveMass_calc                :  F
 AHC_calc                          :  F
 Boltz_OHE_calc                    :  F
 LOTO_correction                   :  F
 OrbitalTexture_calc               :  F
 OrbitalTexture_3D_calc            :  F
 LandauLevel_k_calc                :  F
 LandauLevel_B_calc                :  F
 LandauLevel_wavefunction_calc     :  F
 Fit_kp_calc                       :  F
 DMFT_MAG_calc                     :  F
 Translate_to_WS_calc              :  F
 LandauLevel_kplane_calc           :  F
 LandauLevel_k_dos_calc            :  F
 LandauLevel_B_dos_calc            :  F
 FermiLevel_calc                   :  F
   
 >>>System parameters: 
 NumSlabs :    10
 Nslab1 for ribbon  :     1
 Nslab2 for ribbon  :     1
 Number of Occupied bands:     7
 Number of total electrons:   14.000000
 With SOC or not in Hrfile:     0
 Fermi energy (eV) :       -1.614700
 surf_onsite (eV):         0.000000
 Add_Zeeman_Field:  F
 Zeeman_energy_in_eV (eV):         0.000000
 Electric_field_in_eVpA (eV/Angstrom):         0.000000
 Symmetrical_Electric_field_in_eVpA (eV/Angstrom):         0.000000
 Inner_symmetrical_Electric_Field:  F
 ijmax :    10
   
 **Notes**: There are two ways to specify magnetic field.
 1. specify Bmagnitude, Btheta, Bphi
 2. specify Bx, By, Bz
 Bmagnitude, Bx, By, Bz are real numbers in unit of Tesla. and Bx, By, Bz 
 are in the cartesian coordinates. Btheta is the angle with z axial 
  and Bphi is the angle with respect to x axial in the x-y plane
  Btheta is in [0, 180], Bphi is in [0, 360).
 If you specify both of them together, we will choose the first one.
 If choose the first one, but not specify Btheta, Bphi, then 
 by default we set Btheta=0, Bphi=0 which means B is along z direction.
  
  Warning: You didn't specify the magnitude of magnetic field.
  
 >>You did not specified the magnitude of magnetic field, 
  and also didn't set Bx, By, Bz. So we will set the magnetic direction
  from the settings of Btheta, Bphi.
  If you even didn't set Btheta, Bphi, we will take the default value, 
  Btheta=0, Bphi=0 which means B is along z direction
 >>You didn't set Btheta, and we set it to 0.
 >>You didn't set Bphi, and we set it to 0.
 Bmagnitude (in Tesla) :        1.000000
 Btheta, Bphi :        0.000000        0.000000
 Bx, By, Bz (in Tesla) :        0.000000        0.000000        1.000000
 B direction cosines :        0.000000        0.000000        1.000000
   
 >>>calculation parameters : 
 E_arc :          0.00000
 Eta_arc :          0.00100
 Gap_threshold         0.01000
 OmegaMin :         -1.00000
 OmegaMax :          1.00000
 OmegaNum :    100
 OmegaNum_unfold :    200
 Nk1 :   1001
 Nk2 :   1001
 Nk3 :      1
 NP number of principle layers  :      2
 Tmin(Kelvin)  :        100.00000
 Tmax(Kelvin)  :        100.00000
 NumT  :      1
 NBTau  :      1
 Beta  :        100.00000
 Nslice_BTau_Max  :   5000
 BTauMax(Tesla.ps)         0.00000
 Rcut    999999.00000
 Magp               1
 Magp_min               0
 Magp_max               1
 wcc_calc_tol         0.08000
 wcc_neighbour_tol         0.30000
 NumLCZVecs   400
 NumSelectedEigenVals     0
 NumRandomConfs:     1
 Projection weight mode:NORMAL              
  
 We found LATTICE card
>> lattice information (Angstrom)
           a           b           c       alpha        beta       gamma
    3.489400    3.489400   23.367900   90.000000   90.000000  120.000000
 Three Lattice vectors of the unfolded cell: 
    3.489400    0.000000    0.000000
   -1.744700    3.021909    0.000000
    0.000000    0.000000   23.367900
>> Reciprocal lattice information (1/Angstrom)
           a           b           c       alpha        beta       gamma
    2.079211    2.079211    0.268881   90.000000   90.000000   60.000000
 Three reciprocal lattice vectors of the primitive cell: 
    1.800649    1.039605    0.000000
    0.000000    2.079211    0.000000
    0.000000    0.000000    0.268881
  
 We found ATOM_POSITIONS card
Origin_cell%Num_atoms    3
  
 Warning: You didn't specify the atom magnetic moment in the ATOMIC_POSITION car
 d Or the format is wrong. So we set all the Atom-magnetic-moments to zero.
 
>> Atom position and magnetic moment of Original lattice
                                         Catesian                  Fractional(Direct)         Magnetic moment
------------------------------------------------------------------------------------------------------------------
 index  Atom Name            x           y           z           a           b           c      Mx      My      Mz
------------------------------------------------------------------------------------------------------------------
     1  Se            0.000000    2.014606   13.367916    0.333333    0.666667    0.572063   0.000   0.000   0.000
     2  Nb            0.000000    0.000000   11.683950    0.000000    0.000000    0.500000   0.000   0.000   0.000
     3  Se            0.000000    2.014606    9.999984    0.333333    0.666667    0.427937   0.000   0.000   0.000
  
 We found PROJECTORS card
 >>Number of projectors per atoms:
     5     3     3
Nb      dxy     dxz     dyz     dx2-y2  dz2     
Se      px      py      pz      
Se      px      py      pz      
  
 >> Wannier centers by default, in unit of reciprocal lattice vector
 iwann        R1        R2        R3
     1  0.333333  0.666667  0.572063
     2  0.333333  0.666667  0.572063
     3  0.333333  0.666667  0.572063
     4  0.333333  0.666667  0.572063
     5  0.333333  0.666667  0.572063
     6  0.000000  0.000000  0.500000
     7  0.000000  0.000000  0.500000
     8  0.000000  0.000000  0.500000
     9  0.333333  0.666667  0.427937
    10  0.333333  0.666667  0.427937
    11  0.333333  0.666667  0.427937
 We didn't found LATTICE_UNFOLD card, so it is the same as the unit cell.
>> Folded lattice information (Angstrom)
           a           b           c       alpha        beta       gamma
    3.489400    3.489400   23.367900   90.000000   90.000000  120.000000
 Three Lattice vectors of unfolded cell: 
    3.489400    0.000000    0.000000
   -1.744700    3.021909    0.000000
    0.000000    0.000000   23.367900
>> Folded Reciprocal lattice information (1/Angstrom)
           a           b           c       alpha        beta       gamma
    2.079211    2.079211    0.268881   90.000000   90.000000   60.000000
 Three reciprocal lattice vectors of unfolded cell: 
    1.800649    1.039605    0.000000
    0.000000    2.079211    0.000000
    0.000000    0.000000    0.268881
 
>> The relation between the original lattice and the unfolded lattice
>> The cell volume ratio is:     1.000000
>> The lattice constant a ratio is:     1.000000
>> The lattice constant b ratio is:     1.000000
>> The lattice constant c ratio is:     1.000000
>> Origin_cell in unit of Folded_cell: R1      1.000000    0.000000    0.000000
>> Origin_cell in unit of Folded_cell: R2      0.000000    1.000000    0.000000
>> Origin_cell in unit of Folded_cell: R3      0.000000    0.000000    1.000000
 
 
>>> Atom position and magnetic moment of Unfolded lattice
                                         Catesian                  Fractional(Direct)         Magnetic moment
------------------------------------------------------------------------------------------------------------------
 index  Atom Name            x           y           z           a           b           c      Mx      My      Mz
------------------------------------------------------------------------------------------------------------------
     1  Se            0.000000    2.014606   13.367916    0.333333    0.666667    0.572063   0.000   0.000   0.000
     2  Nb            0.000000    0.000000   11.683950    0.000000    0.000000    0.500000   0.000   0.000   0.000
     3  Se            0.000000    2.014606    9.999984    0.333333    0.666667    0.427937   0.000   0.000   0.000
  
 We found SURFACE card
 
>> new vectors to define the surface (in unit of lattice vector)
 The 1st vector on surface     :    1.000000    0.000000    0.000000
 The 2nd vector on surface     :    0.000000    1.000000    0.000000
 The 3rd vector out of surface :    0.000000    0.000000    1.000000
  
 The rotated new unit cell in cartesian coordinates : 
    3.489400    0.000000    0.000000
   -1.744700    3.021909    0.000000
    0.000000    0.000000   23.367900
New cell's Volume is          246.40631Ang^3
  
 Fractional coordinates of atoms in units of new lattice vectors : 
Se      0.333333    0.666667    0.572063
Nb      0.000000    0.000000    0.500000
Se      0.333333    0.666667    0.427937
  
 2D Primitive Cell_Volume:    10.5446494181336     
 Ra2, Rb2
    3.4894    0.0000
   -1.7447    3.0219
 Ka2, Kb2
    1.8006    1.0396
    0.0000    2.0792
>> lattice information of the magnetic supercell (Angstrom)
    3.489400    0.000000    0.000000
   -1.744700    3.021909    0.000000
    0.000000    0.000000  233.679000
>> Reciprocal lattice information of the magnetic supercell (1/Angstrom)
    1.800649    1.039605    0.000000
    0.000000    2.079211    0.000000
    0.000000    0.000000    0.026888
  
3D Primitive Origin_cell%CellVolume:     246.40631314 in Angstrom^3
3D Magnetic supercell Volume:    2464.06313138 in Angstrom^3
Projected area of magnetic supercell normal to the first vector specifed in SURFACE card:     706.15668349 in Angstrom^2
 >> Kpoints plane for 2D system--> arcs  
K2D_start: -0.5000 -0.5000
The first vector:   1.0000  0.0000
The second vector:   0.0000  1.0000
  
 We found KPLANE_BULK card
 >> Kpoints plane for 3D system--> gapshape  
k3D_start :   0.0000  0.0000  0.0000
The 1st vector:   3.0000  0.0000  0.0000
The 2nd vector:   0.0000  3.0000  0.0000
 >> Kpoints cube for 3D system--> gapshape3D  
k3D_start :  0.0000  0.0000  0.0000
The 1st vector:   1.0000  0.0000  0.0000
The 2nd vector:   0.0000  1.0000  0.0000
The 3rd vector:   0.0000  0.0000  1.0000
kCubeVolume:   0.0000
ReciprocalOrigin_cell%CellVolume:   1.0067
  
  
 >> Using default parameters for Kpoint_3D
>> k points  0.0000 0.0000 0.0000 in unit of reciprocal primitive cell
>> k points  0.0000 0.0000 0.0000 in Cartesian coordinates
  
 >> Using default parameters for effective mass calculation
 >> Effective mass calculation parameters  
>> The     7'th band
>> k step  0.0100 in unit of 1/Angstrom
>> k points  0.0000 0.0000 0.0000 in unit of reciprocal primitive cell
>> k points  0.0000 0.0000 0.0000 in unit of 1/Angstrom
  
 >> We use the default values for k3points_pointmode_direct=[0,0,0]
 >> and Nk3_point_mode = 1
  
 >> We use the default values for k3points_unfold_pointmode_direct=[0,0,0]
 >> and Nk3_unfold_point_mode = 1
  
 >> We use the default values for Single_KPOINT_3D_DIRECT=[0,0,0]
 >> Output all atoms weight for surface state spectrum
 > NtopAtoms            3
> TopAtoms 
     1     2     3
> NbottomAtoms          3
> BottomAtoms 
     1     2     3
 > NtopOrbitals           11
> TopOrbitals 
     1     2     3     4     5     6     7     8     9    10
    11
> NBottomOrbitals   11
> BottomOrbitals 
     1     2     3     4     5     6     7     8     9    10
    11
  
 >> We do not calculate chirality for nodal lines
  
 >> We do not calculate chirality for weyl points
  
>> There are    1 groups of SelectedAtoms
Group :   1
>> Number of atoms selected         3
>> Selected atoms are
    1  Se            2  Nb            3  Se        
  
>> There are   1 groups of SelectedOrbitals
 >> SelectedOrbitals
>> Number of orbitals selected (including spin degenarcy)        11
>> Orbitals are
       1       2       3       4       5       6       7       8       9      10      11
  
 >> SELECTED_OCCUPIED_BANDS
>> Number of Occupied bands selected          7
>> OccupiedBand indices are
     1     2     3     4     5     6     7
  
  
 >> SELECTEDBANDS
>> Number of bands selected         11
>> Band indices are
     1     2     3     4     5     6     7     8     9    10    11
  
 <<<Read wt.in file successfully
 
  File nbse2_hr.dat exist, We are using HmnR from wannier90
 >> Num_wann          11
 >> NRPTS         263
  >> Begin to read Hmn_R.data
  
 
  Note: This is not a 2D system, so we can't add electric field.
 
  << Read Hmn_R.data successfully
  
 >> Start of calculating the bulk band in plane
ek_bulk_plane, ik            1 knv3     1002001 time left      0.00 s
ek_bulk_plane, ik         4001 knv3     1002001 time left    124.75 s
ek_bulk_plane, ik         8001 knv3     1002001 time left      0.00 s
ek_bulk_plane, ik        12001 knv3     1002001 time left      0.00 s
ek_bulk_plane, ik        16001 knv3     1002001 time left      0.00 s
ek_bulk_plane, ik        20001 knv3     1002001 time left    122.75 s
ek_bulk_plane, ik        24001 knv3     1002001 time left      0.00 s
ek_bulk_plane, ik        28001 knv3     1002001 time left      0.00 s
ek_bulk_plane, ik        32001 knv3     1002001 time left      0.00 s
ek_bulk_plane, ik        36001 knv3     1002001 time left      0.00 s
ek_bulk_plane, ik        40001 knv3     1002001 time left      0.00 s
ek_bulk_plane, ik        44001 knv3     1002001 time left      0.00 s
ek_bulk_plane, ik        48001 knv3     1002001 time left    119.25 s
ek_bulk_plane, ik        52001 knv3     1002001 time left      0.00 s
ek_bulk_plane, ik        56001 knv3     1002001 time left      0.00 s
ek_bulk_plane, ik        60001 knv3     1002001 time left      0.00 s
ek_bulk_plane, ik        64001 knv3     1002001 time left      0.00 s
ek_bulk_plane, ik        68001 knv3     1002001 time left      0.00 s
ek_bulk_plane, ik        72001 knv3     1002001 time left      0.00 s
ek_bulk_plane, ik        76001 knv3     1002001 time left      0.00 s
ek_bulk_plane, ik        80001 knv3     1002001 time left      0.00 s
ek_bulk_plane, ik        84001 knv3     1002001 time left      0.00 s
ek_bulk_plane, ik        88001 knv3     1002001 time left      0.00 s
ek_bulk_plane, ik        92001 knv3     1002001 time left      0.00 s
ek_bulk_plane, ik        96001 knv3     1002001 time left      0.00 s
ek_bulk_plane, ik       100001 knv3     1002001 time left      0.00 s
ek_bulk_plane, ik       104001 knv3     1002001 time left      0.00 s
ek_bulk_plane, ik       108001 knv3     1002001 time left    111.75 s
ek_bulk_plane, ik       112001 knv3     1002001 time left      0.00 s
ek_bulk_plane, ik       116001 knv3     1002001 time left      0.00 s
ek_bulk_plane, ik       120001 knv3     1002001 time left      0.00 s
ek_bulk_plane, ik       124001 knv3     1002001 time left    109.75 s
ek_bulk_plane, ik       128001 knv3     1002001 time left      0.00 s
ek_bulk_plane, ik       132001 knv3     1002001 time left      0.00 s
ek_bulk_plane, ik       136001 knv3     1002001 time left      0.00 s
ek_bulk_plane, ik       140001 knv3     1002001 time left      0.00 s
ek_bulk_plane, ik       144001 knv3     1002001 time left      0.00 s
ek_bulk_plane, ik       148001 knv3     1002001 time left      0.00 s
ek_bulk_plane, ik       152001 knv3     1002001 time left      0.00 s
ek_bulk_plane, ik       156001 knv3     1002001 time left      0.00 s
ek_bulk_plane, ik       160001 knv3     1002001 time left      0.00 s
ek_bulk_plane, ik       164001 knv3     1002001 time left      0.00 s
ek_bulk_plane, ik       168001 knv3     1002001 time left      0.00 s
ek_bulk_plane, ik       172001 knv3     1002001 time left      0.00 s
ek_bulk_plane, ik       176001 knv3     1002001 time left      0.00 s
ek_bulk_plane, ik       180001 knv3     1002001 time left      0.00 s
ek_bulk_plane, ik       184001 knv3     1002001 time left      0.00 s
ek_bulk_plane, ik       188001 knv3     1002001 time left    101.75 s
ek_bulk_plane, ik       192001 knv3     1002001 time left      0.00 s
ek_bulk_plane, ik       196001 knv3     1002001 time left      0.00 s
ek_bulk_plane, ik       200001 knv3     1002001 time left      0.00 s
ek_bulk_plane, ik       204001 knv3     1002001 time left      0.00 s
ek_bulk_plane, ik       208001 knv3     1002001 time left      0.00 s
ek_bulk_plane, ik       212001 knv3     1002001 time left      0.00 s
ek_bulk_plane, ik       216001 knv3     1002001 time left      0.00 s
ek_bulk_plane, ik       220001 knv3     1002001 time left      0.00 s
ek_bulk_plane, ik       224001 knv3     1002001 time left      0.00 s
ek_bulk_plane, ik       228001 knv3     1002001 time left      0.00 s
ek_bulk_plane, ik       232001 knv3     1002001 time left      0.00 s
ek_bulk_plane, ik       236001 knv3     1002001 time left      0.00 s
ek_bulk_plane, ik       240001 knv3     1002001 time left      0.00 s
ek_bulk_plane, ik       244001 knv3     1002001 time left      0.00 s
ek_bulk_plane, ik       248001 knv3     1002001 time left      0.00 s
ek_bulk_plane, ik       252001 knv3     1002001 time left     93.75 s
ek_bulk_plane, ik       256001 knv3     1002001 time left      0.00 s
ek_bulk_plane, ik       260001 knv3     1002001 time left      0.00 s
ek_bulk_plane, ik       264001 knv3     1002001 time left     92.25 s
ek_bulk_plane, ik       268001 knv3     1002001 time left      0.00 s
ek_bulk_plane, ik       272001 knv3     1002001 time left      0.00 s
ek_bulk_plane, ik       276001 knv3     1002001 time left      0.00 s
ek_bulk_plane, ik       280001 knv3     1002001 time left     90.25 s
ek_bulk_plane, ik       284001 knv3     1002001 time left      0.00 s
ek_bulk_plane, ik       288001 knv3     1002001 time left      0.00 s
ek_bulk_plane, ik       292001 knv3     1002001 time left      0.00 s
ek_bulk_plane, ik       296001 knv3     1002001 time left      0.00 s
ek_bulk_plane, ik       300001 knv3     1002001 time left     87.75 s
ek_bulk_plane, ik       304001 knv3     1002001 time left      0.00 s
ek_bulk_plane, ik       308001 knv3     1002001 time left      0.00 s
ek_bulk_plane, ik       312001 knv3     1002001 time left      0.00 s
ek_bulk_plane, ik       316001 knv3     1002001 time left      0.00 s
ek_bulk_plane, ik       320001 knv3     1002001 time left      0.00 s
ek_bulk_plane, ik       324001 knv3     1002001 time left     84.75 s
ek_bulk_plane, ik       328001 knv3     1002001 time left      0.00 s
ek_bulk_plane, ik       332001 knv3     1002001 time left      0.00 s
ek_bulk_plane, ik       336001 knv3     1002001 time left      0.00 s
ek_bulk_plane, ik       340001 knv3     1002001 time left      0.00 s
ek_bulk_plane, ik       344001 knv3     1002001 time left      0.00 s
ek_bulk_plane, ik       348001 knv3     1002001 time left      0.00 s
ek_bulk_plane, ik       352001 knv3     1002001 time left      0.00 s
ek_bulk_plane, ik       356001 knv3     1002001 time left      0.00 s
ek_bulk_plane, ik       360001 knv3     1002001 time left      0.00 s
ek_bulk_plane, ik       364001 knv3     1002001 time left      0.00 s
ek_bulk_plane, ik       368001 knv3     1002001 time left      0.00 s
ek_bulk_plane, ik       372001 knv3     1002001 time left      0.00 s
ek_bulk_plane, ik       376001 knv3     1002001 time left      0.00 s
ek_bulk_plane, ik       380001 knv3     1002001 time left      0.00 s
ek_bulk_plane, ik       384001 knv3     1002001 time left      0.00 s
ek_bulk_plane, ik       388001 knv3     1002001 time left      0.00 s
ek_bulk_plane, ik       392001 knv3     1002001 time left      0.00 s
ek_bulk_plane, ik       396001 knv3     1002001 time left      0.00 s
ek_bulk_plane, ik       400001 knv3     1002001 time left      0.00 s
ek_bulk_plane, ik       404001 knv3     1002001 time left      0.00 s
ek_bulk_plane, ik       408001 knv3     1002001 time left      0.00 s
ek_bulk_plane, ik       412001 knv3     1002001 time left      0.00 s
ek_bulk_plane, ik       416001 knv3     1002001 time left      0.00 s
ek_bulk_plane, ik       420001 knv3     1002001 time left      0.00 s
ek_bulk_plane, ik       424001 knv3     1002001 time left      0.00 s
ek_bulk_plane, ik       428001 knv3     1002001 time left      0.00 s
ek_bulk_plane, ik       432001 knv3     1002001 time left      0.00 s
ek_bulk_plane, ik       436001 knv3     1002001 time left      0.00 s
ek_bulk_plane, ik       440001 knv3     1002001 time left      0.00 s
ek_bulk_plane, ik       444001 knv3     1002001 time left      0.00 s
ek_bulk_plane, ik       448001 knv3     1002001 time left      0.00 s
ek_bulk_plane, ik       452001 knv3     1002001 time left      0.00 s
ek_bulk_plane, ik       456001 knv3     1002001 time left      0.00 s
ek_bulk_plane, ik       460001 knv3     1002001 time left      0.00 s
ek_bulk_plane, ik       464001 knv3     1002001 time left      0.00 s
ek_bulk_plane, ik       468001 knv3     1002001 time left      0.00 s
ek_bulk_plane, ik       472001 knv3     1002001 time left      0.00 s
ek_bulk_plane, ik       476001 knv3     1002001 time left      0.00 s
ek_bulk_plane, ik       480001 knv3     1002001 time left      0.00 s
ek_bulk_plane, ik       484001 knv3     1002001 time left      0.00 s
ek_bulk_plane, ik       488001 knv3     1002001 time left      0.00 s
ek_bulk_plane, ik       492001 knv3     1002001 time left      0.00 s
ek_bulk_plane, ik       496001 knv3     1002001 time left      0.00 s
ek_bulk_plane, ik       500001 knv3     1002001 time left      0.00 s
ek_bulk_plane, ik       504001 knv3     1002001 time left      0.00 s
ek_bulk_plane, ik       508001 knv3     1002001 time left      0.00 s
ek_bulk_plane, ik       512001 knv3     1002001 time left      0.00 s
ek_bulk_plane, ik       516001 knv3     1002001 time left      0.00 s
ek_bulk_plane, ik       520001 knv3     1002001 time left      0.00 s
ek_bulk_plane, ik       524001 knv3     1002001 time left      0.00 s
ek_bulk_plane, ik       528001 knv3     1002001 time left      0.00 s
ek_bulk_plane, ik       532001 knv3     1002001 time left      0.00 s
ek_bulk_plane, ik       536001 knv3     1002001 time left      0.00 s
ek_bulk_plane, ik       540001 knv3     1002001 time left     57.75 s
ek_bulk_plane, ik       544001 knv3     1002001 time left      0.00 s
ek_bulk_plane, ik       548001 knv3     1002001 time left      0.00 s
ek_bulk_plane, ik       552001 knv3     1002001 time left      0.00 s
ek_bulk_plane, ik       556001 knv3     1002001 time left      0.00 s
ek_bulk_plane, ik       560001 knv3     1002001 time left      0.00 s
ek_bulk_plane, ik       564001 knv3     1002001 time left      0.00 s
ek_bulk_plane, ik       568001 knv3     1002001 time left      0.00 s
ek_bulk_plane, ik       572001 knv3     1002001 time left      0.00 s
ek_bulk_plane, ik       576001 knv3     1002001 time left      0.00 s
ek_bulk_plane, ik       580001 knv3     1002001 time left      0.00 s
ek_bulk_plane, ik       584001 knv3     1002001 time left      0.00 s
ek_bulk_plane, ik       588001 knv3     1002001 time left     51.75 s
ek_bulk_plane, ik       592001 knv3     1002001 time left     51.25 s
ek_bulk_plane, ik       596001 knv3     1002001 time left     50.75 s
ek_bulk_plane, ik       600001 knv3     1002001 time left      0.00 s
ek_bulk_plane, ik       604001 knv3     1002001 time left      0.00 s
ek_bulk_plane, ik       608001 knv3     1002001 time left      0.00 s
ek_bulk_plane, ik       612001 knv3     1002001 time left      0.00 s
ek_bulk_plane, ik       616001 knv3     1002001 time left      0.00 s
ek_bulk_plane, ik       620001 knv3     1002001 time left      0.00 s
ek_bulk_plane, ik       624001 knv3     1002001 time left      0.00 s
ek_bulk_plane, ik       628001 knv3     1002001 time left      0.00 s
ek_bulk_plane, ik       632001 knv3     1002001 time left      0.00 s
ek_bulk_plane, ik       636001 knv3     1002001 time left      0.00 s
ek_bulk_plane, ik       640001 knv3     1002001 time left      0.00 s
ek_bulk_plane, ik       644001 knv3     1002001 time left     44.75 s
ek_bulk_plane, ik       648001 knv3     1002001 time left      0.00 s
ek_bulk_plane, ik       652001 knv3     1002001 time left      0.00 s
ek_bulk_plane, ik       656001 knv3     1002001 time left      0.00 s
ek_bulk_plane, ik       660001 knv3     1002001 time left      0.00 s
ek_bulk_plane, ik       664001 knv3     1002001 time left      0.00 s
ek_bulk_plane, ik       668001 knv3     1002001 time left      0.00 s
ek_bulk_plane, ik       672001 knv3     1002001 time left      0.00 s
ek_bulk_plane, ik       676001 knv3     1002001 time left      0.00 s
ek_bulk_plane, ik       680001 knv3     1002001 time left      0.00 s
ek_bulk_plane, ik       684001 knv3     1002001 time left      0.00 s
ek_bulk_plane, ik       688001 knv3     1002001 time left      0.00 s
ek_bulk_plane, ik       692001 knv3     1002001 time left      0.00 s
ek_bulk_plane, ik       696001 knv3     1002001 time left      0.00 s
ek_bulk_plane, ik       700001 knv3     1002001 time left      0.00 s
ek_bulk_plane, ik       704001 knv3     1002001 time left     37.25 s
ek_bulk_plane, ik       708001 knv3     1002001 time left      0.00 s
ek_bulk_plane, ik       712001 knv3     1002001 time left     36.25 s
ek_bulk_plane, ik       716001 knv3     1002001 time left      0.00 s
ek_bulk_plane, ik       720001 knv3     1002001 time left      0.00 s
ek_bulk_plane, ik       724001 knv3     1002001 time left      0.00 s
ek_bulk_plane, ik       728001 knv3     1002001 time left      0.00 s
ek_bulk_plane, ik       732001 knv3     1002001 time left      0.00 s
ek_bulk_plane, ik       736001 knv3     1002001 time left      0.00 s
ek_bulk_plane, ik       740001 knv3     1002001 time left      0.00 s
ek_bulk_plane, ik       744001 knv3     1002001 time left      0.00 s
ek_bulk_plane, ik       748001 knv3     1002001 time left      0.00 s
ek_bulk_plane, ik       752001 knv3     1002001 time left      0.00 s
ek_bulk_plane, ik       756001 knv3     1002001 time left      0.00 s
ek_bulk_plane, ik       760001 knv3     1002001 time left      0.00 s
ek_bulk_plane, ik       764001 knv3     1002001 time left      0.00 s
ek_bulk_plane, ik       768001 knv3     1002001 time left      0.00 s
ek_bulk_plane, ik       772001 knv3     1002001 time left      0.00 s
ek_bulk_plane, ik       776001 knv3     1002001 time left      0.00 s
ek_bulk_plane, ik       780001 knv3     1002001 time left     27.75 s
ek_bulk_plane, ik       784001 knv3     1002001 time left      0.00 s
ek_bulk_plane, ik       788001 knv3     1002001 time left      0.00 s
ek_bulk_plane, ik       792001 knv3     1002001 time left      0.00 s
ek_bulk_plane, ik       796001 knv3     1002001 time left      0.00 s
ek_bulk_plane, ik       800001 knv3     1002001 time left      0.00 s
ek_bulk_plane, ik       804001 knv3     1002001 time left      0.00 s
ek_bulk_plane, ik       808001 knv3     1002001 time left      0.00 s
ek_bulk_plane, ik       812001 knv3     1002001 time left      0.00 s
ek_bulk_plane, ik       816001 knv3     1002001 time left      0.00 s
ek_bulk_plane, ik       820001 knv3     1002001 time left      0.00 s
ek_bulk_plane, ik       824001 knv3     1002001 time left      0.00 s
ek_bulk_plane, ik       828001 knv3     1002001 time left      0.00 s
ek_bulk_plane, ik       832001 knv3     1002001 time left      0.00 s
ek_bulk_plane, ik       836001 knv3     1002001 time left      0.00 s
ek_bulk_plane, ik       840001 knv3     1002001 time left     20.25 s
ek_bulk_plane, ik       844001 knv3     1002001 time left      0.00 s
ek_bulk_plane, ik       848001 knv3     1002001 time left      0.00 s
ek_bulk_plane, ik       852001 knv3     1002001 time left      0.00 s
ek_bulk_plane, ik       856001 knv3     1002001 time left      0.00 s
ek_bulk_plane, ik       860001 knv3     1002001 time left      0.00 s
ek_bulk_plane, ik       864001 knv3     1002001 time left      0.00 s
ek_bulk_plane, ik       868001 knv3     1002001 time left      0.00 s
ek_bulk_plane, ik       872001 knv3     1002001 time left      0.00 s
ek_bulk_plane, ik       876001 knv3     1002001 time left      0.00 s
ek_bulk_plane, ik       880001 knv3     1002001 time left     15.25 s
ek_bulk_plane, ik       884001 knv3     1002001 time left      0.00 s
ek_bulk_plane, ik       888001 knv3     1002001 time left      0.00 s
ek_bulk_plane, ik       892001 knv3     1002001 time left      0.00 s
ek_bulk_plane, ik       896001 knv3     1002001 time left      0.00 s
ek_bulk_plane, ik       900001 knv3     1002001 time left     12.75 s
ek_bulk_plane, ik       904001 knv3     1002001 time left      0.00 s
ek_bulk_plane, ik       908001 knv3     1002001 time left      0.00 s
ek_bulk_plane, ik       912001 knv3     1002001 time left      0.00 s
ek_bulk_plane, ik       916001 knv3     1002001 time left     10.75 s
ek_bulk_plane, ik       920001 knv3     1002001 time left      0.00 s
ek_bulk_plane, ik       924001 knv3     1002001 time left      0.00 s
ek_bulk_plane, ik       928001 knv3     1002001 time left      0.00 s
ek_bulk_plane, ik       932001 knv3     1002001 time left      0.00 s
ek_bulk_plane, ik       936001 knv3     1002001 time left      0.00 s
ek_bulk_plane, ik       940001 knv3     1002001 time left      0.00 s
ek_bulk_plane, ik       944001 knv3     1002001 time left      0.00 s
ek_bulk_plane, ik       948001 knv3     1002001 time left      0.00 s
ek_bulk_plane, ik       952001 knv3     1002001 time left      0.00 s
ek_bulk_plane, ik       956001 knv3     1002001 time left      0.00 s
ek_bulk_plane, ik       960001 knv3     1002001 time left      0.00 s
ek_bulk_plane, ik       964001 knv3     1002001 time left      0.00 s
ek_bulk_plane, ik       968001 knv3     1002001 time left      0.00 s
ek_bulk_plane, ik       972001 knv3     1002001 time left      0.00 s
ek_bulk_plane, ik       976001 knv3     1002001 time left      0.00 s
ek_bulk_plane, ik       980001 knv3     1002001 time left      0.00 s
ek_bulk_plane, ik       984001 knv3     1002001 time left      0.00 s
ek_bulk_plane, ik       988001 knv3     1002001 time left      0.00 s
ek_bulk_plane, ik       992001 knv3     1002001 time left      0.00 s
ek_bulk_plane, ik       996001 knv3     1002001 time left      0.00 s
ek_bulk_plane, ik      1000001 knv3     1002001 time left      0.00 s
 Time cost for BulkBand_plane is about           24.363 s
 << End of calculating the bulk band in plane
  
 Time cost for whole program is about           24.441 s
  
  
  =======================================================================
  Congratulations! you finished the calculation.
  I hope you could find something useful from this calculation.
  If so, I would like to ask you to cite our this paper:
  
  WannierTools : An open-source software package for novel topological materials
  QuanSheng Wu and ShengNan Zhang and Hai-Feng Song and Matthias Troyer and Alexey A. Soluyanov
  Computer Physics Communications 224, 405 (2018)
  https://doi.org/10.1016/j.cpc.2017.09.033
  
  For bugs, please report to wuquansheng@gmail.com                   
  or wanniertools@groups.google.com.                 
  More information could find on www.wanniertools.com            
  See you next time :)
  =======================================================================
